#
# There is insufficient memory for the Java Runtime Environment to continue.
# Native memory allocation (mmap) failed to map 65536 bytes for Failed to commit metaspace.
# Possible reasons:
#   The system is out of physical RAM or swap space
#   The process is running with CompressedOops enabled, and the Java Heap may be blocking the growth of the native heap
# Possible solutions:
#   Reduce memory load on the system
#   Increase physical memory or swap space
#   Check if swap backing store is full
#   Decrease Java heap size (-Xmx/-Xms)
#   Decrease number of Java threads
#   Decrease Java thread stack sizes (-Xss)
#   Set larger code cache with -XX:ReservedCodeCacheSize=
#   JVM is running with Unscaled Compressed Oops mode in which the Java heap is
#     placed in the first 4GB address space. The Java Heap base address is the
#     maximum limit for the native heap growth. Please use -XX:HeapBaseMinAddress
#     to set the Java Heap base and to place the Java Heap above 4GB virtual address.
# This output file may be truncated or incomplete.
#
#  Out of Memory Error (virtualSpaceNode.cpp:110), pid=132, tid=24804
#
# JRE version: OpenJDK Runtime Environment Temurin-17.0.2+8 (17.0.2+8) (build 17.0.2+8)
# Java VM: OpenJDK 64-Bit Server VM Temurin-17.0.2+8 (17.0.2+8, mixed mode, tiered, compressed oops, compressed class ptrs, g1 gc, windows-amd64)
# No core dump will be written. Minidumps are not enabled by default on client versions of Windows
#

---------------  S U M M A R Y ------------

Command Line: -Dfile.encoding=UTF-8 -XX:+ShowCodeDetailsInExceptionMessages com.BookCabMicroServiceApplication

Host: AMD Ryzen 3 3250U with Radeon Graphics         , 4 cores, 5G,  Windows 11 , 64 bit Build 22621 (10.0.22621.3374)
Time: Wed May 22 11:36:15 2024 India Standard Time elapsed time: 2009.807905 seconds (0d 0h 33m 29s)

---------------  T H R E A D  ---------------

Current thread (0x0000018a40a6e0e0):  JavaThread "C1 CompilerThread0" daemon [_thread_in_vm, id=24804, stack(0x0000003590500000,0x0000003590600000)]


Current CompileTask:
C1:2009808 11544       3       java.time.LocalTime::ofNanoOfDay (68 bytes)

Stack: [0x0000003590500000,0x0000003590600000]
Native frames: (J=compiled Java code, j=interpreted, Vv=VM code, C=native code)
V  [jvm.dll+0x67564a]
V  [jvm.dll+0x82fc04]
V  [jvm.dll+0x8313ae]
V  [jvm.dll+0x831a13]
V  [jvm.dll+0x245235]
V  [jvm.dll+0x82bbab]
V  [jvm.dll+0x61a336]
V  [jvm.dll+0x61a39a]
V  [jvm.dll+0x61cbba]
V  [jvm.dll+0x61acd6]
V  [jvm.dll+0x62be2a]
V  [jvm.dll+0x624c5a]
V  [jvm.dll+0x1cc340]
V  [jvm.dll+0x1cc52f]
V  [jvm.dll+0x1465e1]
V  [jvm.dll+0x146425]
V  [jvm.dll+0x13dc69]
V  [jvm.dll+0x140265]
V  [jvm.dll+0x13e544]
V  [jvm.dll+0x13851f]
V  [jvm.dll+0x147fe6]
V  [jvm.dll+0x133c30]
V  [jvm.dll+0x133f90]
V  [jvm.dll+0x134256]
V  [jvm.dll+0x1336ea]
V  [jvm.dll+0x1353b1]
V  [jvm.dll+0x226ef8]
V  [jvm.dll+0x22503c]
V  [jvm.dll+0x7e596b]
V  [jvm.dll+0x7dff2a]
V  [jvm.dll+0x6744d5]
C  [ucrtbase.dll+0x29333]
C  [KERNEL32.DLL+0x1257d]
C  [ntdll.dll+0x5aa48]


---------------  P R O C E S S  ---------------

Threads class SMR info:
_java_thread_list=0x0000018a455ebc80, length=19, elements={
0x0000018a409f2430, 0x0000018a409f66c0, 0x0000018a40a15610, 0x0000018a40a161c0,
0x0000018a40a16d70, 0x0000018a4140d580, 0x0000018a41420350, 0x0000018a40a6e0e0,
0x0000018a4142cd50, 0x0000018a41568a20, 0x0000018a415775c0, 0x0000018a42245d90,
0x0000018a42b2d910, 0x0000018a42b312d0, 0x0000018a42b2e780, 0x0000018a42b2f5f0,
0x0000018a42b2ff90, 0x0000018a42b317a0, 0x0000018a42b29f50
}

Java Threads: ( => current thread )
  0x0000018a409f2430 JavaThread "Reference Handler" daemon [_thread_blocked, id=29956, stack(0x000000358fe00000,0x000000358ff00000)]
  0x0000018a409f66c0 JavaThread "Finalizer" daemon [_thread_blocked, id=20540, stack(0x000000358ff00000,0x0000003590000000)]
  0x0000018a40a15610 JavaThread "Signal Dispatcher" daemon [_thread_blocked, id=6820, stack(0x0000003590000000,0x0000003590100000)]
  0x0000018a40a161c0 JavaThread "Attach Listener" daemon [_thread_blocked, id=11156, stack(0x0000003590100000,0x0000003590200000)]
  0x0000018a40a16d70 JavaThread "Service Thread" daemon [_thread_blocked, id=21004, stack(0x0000003590200000,0x0000003590300000)]
  0x0000018a4140d580 JavaThread "Monitor Deflation Thread" daemon [_thread_blocked, id=16132, stack(0x0000003590300000,0x0000003590400000)]
  0x0000018a41420350 JavaThread "C2 CompilerThread0" daemon [_thread_blocked, id=1756, stack(0x0000003590400000,0x0000003590500000)]
=>0x0000018a40a6e0e0 JavaThread "C1 CompilerThread0" daemon [_thread_in_vm, id=24804, stack(0x0000003590500000,0x0000003590600000)]
  0x0000018a4142cd50 JavaThread "Sweeper thread" daemon [_thread_blocked, id=25416, stack(0x0000003590600000,0x0000003590700000)]
  0x0000018a41568a20 JavaThread "Notification Thread" daemon [_thread_blocked, id=30388, stack(0x0000003590700000,0x0000003590800000)]
  0x0000018a415775c0 JavaThread "Common-Cleaner" daemon [_thread_blocked, id=13800, stack(0x0000003590900000,0x0000003590a00000)]
  0x0000018a42245d90 JavaThread "mysql-cj-abandoned-connection-cleanup" daemon [_thread_blocked, id=27828, stack(0x0000003591400000,0x0000003591500000)]
  0x0000018a42b2d910 JavaThread "DestroyJavaVM" [_thread_blocked, id=10280, stack(0x000000358f700000,0x000000358f800000)]
  0x0000018a42b312d0 JavaThread "HikariPool-5 housekeeper" daemon [_thread_blocked, id=27484, stack(0x0000003591200000,0x0000003591300000)]
  0x0000018a42b2e780 JavaThread "Thread-25" [_thread_in_Java, id=14552, stack(0x0000003591600000,0x0000003591700000)]
  0x0000018a42b2f5f0 JavaThread "AsyncResolver-bootstrap-0" daemon [_thread_blocked, id=7548, stack(0x0000003591700000,0x0000003591800000)]
  0x0000018a42b2ff90 JavaThread "DiscoveryClient-0" daemon [_thread_blocked, id=19024, stack(0x0000003591800000,0x0000003591900000)]
  0x0000018a42b317a0 JavaThread "DiscoveryClient-1" daemon [_thread_blocked, id=31272, stack(0x0000003591900000,0x0000003591a00000)]
  0x0000018a42b29f50 JavaThread "DiscoveryClient-InstanceInfoReplicator-0" daemon [_thread_blocked, id=932, stack(0x0000003591a00000,0x0000003591b00000)]

Other Threads:
  0x0000018a409ef880 VMThread "VM Thread" [stack: 0x000000358fd00000,0x000000358fe00000] [id=19320]
  0x0000018a41568ef0 WatcherThread [stack: 0x0000003590800000,0x0000003590900000] [id=27936]
  0x0000018a286bb0b0 GCTaskThread "GC Thread#0" [stack: 0x000000358f800000,0x000000358f900000] [id=22540]
  0x0000018a41d885a0 GCTaskThread "GC Thread#1" [stack: 0x0000003590c00000,0x0000003590d00000] [id=10612]
  0x0000018a41b72350 GCTaskThread "GC Thread#2" [stack: 0x0000003590d00000,0x0000003590e00000] [id=5088]
  0x0000018a41c3b440 GCTaskThread "GC Thread#3" [stack: 0x0000003590e00000,0x0000003590f00000] [id=18964]
  0x0000018a286c7c70 ConcurrentGCThread "G1 Main Marker" [stack: 0x000000358f900000,0x000000358fa00000] [id=27860]
  0x0000018a286c8680 ConcurrentGCThread "G1 Conc#0" [stack: 0x000000358fa00000,0x000000358fb00000] [id=31292]
  0x0000018a2872a1a0 ConcurrentGCThread "G1 Refine#0" [stack: 0x000000358fb00000,0x000000358fc00000] [id=12904]
  0x0000018a2872b360 ConcurrentGCThread "G1 Service" [stack: 0x000000358fc00000,0x000000358fd00000] [id=21208]

Threads with active compile tasks:
C1 CompilerThread0  2009905 11544       3       java.time.LocalTime::ofNanoOfDay (68 bytes)

VM state: not at safepoint (normal execution)

VM Mutex/Monitor currently owned by a thread:  ([mutex/lock_event])
[0x0000018a2867de90] Metaspace_lock - owner thread: 0x0000018a40a6e0e0
[0x0000018a2867fe60] MethodData_lock - owner thread: 0x0000018a40a6e0e0

Heap address: 0x00000000a1c00000, size: 1508 MB, Compressed Oops mode: 32-bit

CDS archive(s) not mapped
Compressed class space mapped at: 0x0000000100000000-0x0000000140000000, reserved size: 1073741824
Narrow klass base: 0x0000000000000000, Narrow klass shift: 3, Narrow klass range: 0x140000000

GC Precious Log:
 CPUs: 4 total, 4 available
 Memory: 6030M
 Large Page Support: Disabled
 NUMA Support: Disabled
 Compressed Oops: Enabled (32-bit)
 Heap Region Size: 1M
 Heap Min Capacity: 8M
 Heap Initial Capacity: 96M
 Heap Max Capacity: 1508M
 Pre-touch: Disabled
 Parallel Workers: 4
 Concurrent Workers: 1
 Concurrent Refinement Workers: 4
 Periodic GC: Disabled

Heap:
 garbage-first heap   total 198656K, used 78168K [0x00000000a1c00000, 0x0000000100000000)
  region size 1024K, 23 young (23552K), 6 survivors (6144K)
 Metaspace       used 83588K, committed 84224K, reserved 1130496K
  class space    used 10570K, committed 10880K, reserved 1048576K

Heap Regions: E=young(eden), S=young(survivor), O=old, HS=humongous(starts), HC=humongous(continues), CS=collection set, F=free, OA=open archive, CA=closed archive, TAMS=top-at-mark-start (previous, next)
|   0|0x00000000a1c00000, 0x00000000a1d00000, 0x00000000a1d00000|100%|HS|  |TAMS 0x00000000a1d00000, 0x00000000a1c00000| Untracked 
|   1|0x00000000a1d00000, 0x00000000a1e00000, 0x00000000a1e00000|100%|HS|  |TAMS 0x00000000a1e00000, 0x00000000a1d00000| Untracked 
|   2|0x00000000a1e00000, 0x00000000a1efffe8, 0x00000000a1f00000| 99%| O|  |TAMS 0x00000000a1efffe8, 0x00000000a1e00000| Untracked 
|   3|0x00000000a1f00000, 0x00000000a2000000, 0x00000000a2000000|100%| O|  |TAMS 0x00000000a2000000, 0x00000000a1f00000| Untracked 
|   4|0x00000000a2000000, 0x00000000a2100000, 0x00000000a2100000|100%| O|  |TAMS 0x00000000a2100000, 0x00000000a2000000| Untracked 
|   5|0x00000000a2100000, 0x00000000a2200000, 0x00000000a2200000|100%| O|  |TAMS 0x00000000a2200000, 0x00000000a2100000| Untracked 
|   6|0x00000000a2200000, 0x00000000a2300000, 0x00000000a2300000|100%| O|  |TAMS 0x00000000a2300000, 0x00000000a2200000| Untracked 
|   7|0x00000000a2300000, 0x00000000a23fffe8, 0x00000000a2400000| 99%| O|  |TAMS 0x00000000a23fffe8, 0x00000000a2300000| Untracked 
|   8|0x00000000a2400000, 0x00000000a24ffd58, 0x00000000a2500000| 99%| O|  |TAMS 0x00000000a24ffd58, 0x00000000a2400000| Untracked 
|   9|0x00000000a2500000, 0x00000000a25ffff8, 0x00000000a2600000| 99%| O|  |TAMS 0x00000000a25ffff8, 0x00000000a2500000| Untracked 
|  10|0x00000000a2600000, 0x00000000a26ffff8, 0x00000000a2700000| 99%| O|  |TAMS 0x00000000a26ffff8, 0x00000000a2600000| Untracked 
|  11|0x00000000a2700000, 0x00000000a27fffe8, 0x00000000a2800000| 99%| O|  |TAMS 0x00000000a27fffe8, 0x00000000a2700000| Untracked 
|  12|0x00000000a2800000, 0x00000000a28ffff8, 0x00000000a2900000| 99%| O|  |TAMS 0x00000000a28ffff8, 0x00000000a2800000| Untracked 
|  13|0x00000000a2900000, 0x00000000a29ffff0, 0x00000000a2a00000| 99%| O|  |TAMS 0x00000000a29ffff0, 0x00000000a2900000| Untracked 
|  14|0x00000000a2a00000, 0x00000000a2afffb8, 0x00000000a2b00000| 99%| O|  |TAMS 0x00000000a2afffb8, 0x00000000a2a00000| Untracked 
|  15|0x00000000a2b00000, 0x00000000a2bffff0, 0x00000000a2c00000| 99%| O|  |TAMS 0x00000000a2bffff0, 0x00000000a2b00000| Untracked 
|  16|0x00000000a2c00000, 0x00000000a2d00000, 0x00000000a2d00000|100%| O|  |TAMS 0x00000000a2d00000, 0x00000000a2c00000| Untracked 
|  17|0x00000000a2d00000, 0x00000000a2dfffd8, 0x00000000a2e00000| 99%| O|  |TAMS 0x00000000a2dfffd8, 0x00000000a2d00000| Untracked 
|  18|0x00000000a2e00000, 0x00000000a2effff8, 0x00000000a2f00000| 99%| O|  |TAMS 0x00000000a2e00000, 0x00000000a2e00000| Untracked 
|  19|0x00000000a2f00000, 0x00000000a2ffefd0, 0x00000000a3000000| 99%| O|  |TAMS 0x00000000a2ffefd0, 0x00000000a2f00000| Untracked 
|  20|0x00000000a3000000, 0x00000000a3100000, 0x00000000a3100000|100%| O|  |TAMS 0x00000000a3100000, 0x00000000a3000000| Untracked 
|  21|0x00000000a3100000, 0x00000000a3200000, 0x00000000a3200000|100%| O|  |TAMS 0x00000000a3200000, 0x00000000a3100000| Untracked 
|  22|0x00000000a3200000, 0x00000000a32ffff0, 0x00000000a3300000| 99%| O|  |TAMS 0x00000000a32ffff0, 0x00000000a3200000| Untracked 
|  23|0x00000000a3300000, 0x00000000a33fffe8, 0x00000000a3400000| 99%| O|  |TAMS 0x00000000a33fffe8, 0x00000000a3300000| Untracked 
|  24|0x00000000a3400000, 0x00000000a34ffff8, 0x00000000a3500000| 99%| O|  |TAMS 0x00000000a3400000, 0x00000000a3400000| Untracked 
|  25|0x00000000a3500000, 0x00000000a3571ee8, 0x00000000a3600000| 44%| O|  |TAMS 0x00000000a3500000, 0x00000000a3500000| Untracked 
|  26|0x00000000a3600000, 0x00000000a3700000, 0x00000000a3700000|100%| O|  |TAMS 0x00000000a3600000, 0x00000000a3600000| Untracked 
|  27|0x00000000a3700000, 0x00000000a377adc0, 0x00000000a3800000| 47%| O|  |TAMS 0x00000000a3700000, 0x00000000a3700000| Untracked 
|  28|0x00000000a3800000, 0x00000000a3900000, 0x00000000a3900000|100%| O|  |TAMS 0x00000000a3800000, 0x00000000a3800000| Untracked 
|  29|0x00000000a3900000, 0x00000000a3a00000, 0x00000000a3a00000|100%| O|  |TAMS 0x00000000a3900000, 0x00000000a3900000| Untracked 
|  30|0x00000000a3a00000, 0x00000000a3b00000, 0x00000000a3b00000|100%| O|  |TAMS 0x00000000a3a00000, 0x00000000a3a00000| Untracked 
|  31|0x00000000a3b00000, 0x00000000a3c00000, 0x00000000a3c00000|100%| O|  |TAMS 0x00000000a3b00000, 0x00000000a3b00000| Untracked 
|  32|0x00000000a3c00000, 0x00000000a3d00000, 0x00000000a3d00000|100%| O|  |TAMS 0x00000000a3c00000, 0x00000000a3c00000| Untracked 
|  33|0x00000000a3d00000, 0x00000000a3e00000, 0x00000000a3e00000|100%| O|  |TAMS 0x00000000a3d00000, 0x00000000a3d00000| Untracked 
|  34|0x00000000a3e00000, 0x00000000a3f00000, 0x00000000a3f00000|100%| O|  |TAMS 0x00000000a3e00000, 0x00000000a3e00000| Untracked 
|  35|0x00000000a3f00000, 0x00000000a4000000, 0x00000000a4000000|100%| O|  |TAMS 0x00000000a3f00000, 0x00000000a3f00000| Untracked 
|  36|0x00000000a4000000, 0x00000000a4100000, 0x00000000a4100000|100%| O|  |TAMS 0x00000000a4000000, 0x00000000a4000000| Untracked 
|  37|0x00000000a4100000, 0x00000000a4200000, 0x00000000a4200000|100%| O|  |TAMS 0x00000000a4100000, 0x00000000a4100000| Untracked 
|  38|0x00000000a4200000, 0x00000000a4300000, 0x00000000a4300000|100%| O|  |TAMS 0x00000000a4300000, 0x00000000a4200000| Untracked 
|  39|0x00000000a4300000, 0x00000000a4400000, 0x00000000a4400000|100%| O|  |TAMS 0x00000000a4400000, 0x00000000a4300000| Untracked 
|  40|0x00000000a4400000, 0x00000000a4500000, 0x00000000a4500000|100%| O|  |TAMS 0x00000000a4500000, 0x00000000a4400000| Untracked 
|  41|0x00000000a4500000, 0x00000000a4600000, 0x00000000a4600000|100%| O|  |TAMS 0x00000000a4500000, 0x00000000a4500000| Untracked 
|  42|0x00000000a4600000, 0x00000000a4700000, 0x00000000a4700000|100%| O|  |TAMS 0x00000000a4600000, 0x00000000a4600000| Untracked 
|  43|0x00000000a4700000, 0x00000000a4800000, 0x00000000a4800000|100%| O|  |TAMS 0x00000000a4700000, 0x00000000a4700000| Untracked 
|  44|0x00000000a4800000, 0x00000000a4900000, 0x00000000a4900000|100%| O|  |TAMS 0x00000000a4800000, 0x00000000a4800000| Untracked 
|  45|0x00000000a4900000, 0x00000000a4a00000, 0x00000000a4a00000|100%| O|  |TAMS 0x00000000a4900000, 0x00000000a4900000| Untracked 
|  46|0x00000000a4a00000, 0x00000000a4afffa8, 0x00000000a4b00000| 99%| O|  |TAMS 0x00000000a4a00000, 0x00000000a4a00000| Untracked 
|  47|0x00000000a4b00000, 0x00000000a4c00000, 0x00000000a4c00000|100%| O|  |TAMS 0x00000000a4b00000, 0x00000000a4b00000| Untracked 
|  48|0x00000000a4c00000, 0x00000000a4d00000, 0x00000000a4d00000|100%| O|  |TAMS 0x00000000a4c00000, 0x00000000a4c00000| Untracked 
|  49|0x00000000a4d00000, 0x00000000a4e00000, 0x00000000a4e00000|100%| O|  |TAMS 0x00000000a4d00000, 0x00000000a4d00000| Untracked 
|  50|0x00000000a4e00000, 0x00000000a4f00000, 0x00000000a4f00000|100%| O|  |TAMS 0x00000000a4e00000, 0x00000000a4e00000| Untracked 
|  51|0x00000000a4f00000, 0x00000000a4f318d8, 0x00000000a5000000| 19%| O|  |TAMS 0x00000000a4f00000, 0x00000000a4f00000| Untracked 
|  52|0x00000000a5000000, 0x00000000a5100000, 0x00000000a5100000|100%| O|  |TAMS 0x00000000a5000000, 0x00000000a5000000| Untracked 
|  53|0x00000000a5100000, 0x00000000a5200000, 0x00000000a5200000|100%| O|  |TAMS 0x00000000a5100000, 0x00000000a5100000| Untracked 
|  54|0x00000000a5200000, 0x00000000a5300000, 0x00000000a5300000|100%| O|  |TAMS 0x00000000a5200000, 0x00000000a5200000| Untracked 
|  55|0x00000000a5300000, 0x00000000a5313400, 0x00000000a5400000|  7%| O|  |TAMS 0x00000000a5300000, 0x00000000a5300000| Untracked 
|  56|0x00000000a5400000, 0x00000000a5400000, 0x00000000a5500000|  0%| F|  |TAMS 0x00000000a5400000, 0x00000000a5400000| Untracked 
|  57|0x00000000a5500000, 0x00000000a5500000, 0x00000000a5600000|  0%| F|  |TAMS 0x00000000a5500000, 0x00000000a5500000| Untracked 
|  58|0x00000000a5600000, 0x00000000a5600000, 0x00000000a5700000|  0%| F|  |TAMS 0x00000000a5600000, 0x00000000a5600000| Untracked 
|  59|0x00000000a5700000, 0x00000000a5700000, 0x00000000a5800000|  0%| F|  |TAMS 0x00000000a5700000, 0x00000000a5700000| Untracked 
|  60|0x00000000a5800000, 0x00000000a5800000, 0x00000000a5900000|  0%| F|  |TAMS 0x00000000a5800000, 0x00000000a5800000| Untracked 
|  61|0x00000000a5900000, 0x00000000a5900000, 0x00000000a5a00000|  0%| F|  |TAMS 0x00000000a5900000, 0x00000000a5900000| Untracked 
|  62|0x00000000a5a00000, 0x00000000a5a00000, 0x00000000a5b00000|  0%| F|  |TAMS 0x00000000a5a00000, 0x00000000a5a00000| Untracked 
|  63|0x00000000a5b00000, 0x00000000a5b00000, 0x00000000a5c00000|  0%| F|  |TAMS 0x00000000a5b00000, 0x00000000a5b00000| Untracked 
|  64|0x00000000a5c00000, 0x00000000a5c00000, 0x00000000a5d00000|  0%| F|  |TAMS 0x00000000a5c00000, 0x00000000a5c00000| Untracked 
|  65|0x00000000a5d00000, 0x00000000a5d00000, 0x00000000a5e00000|  0%| F|  |TAMS 0x00000000a5d00000, 0x00000000a5d00000| Untracked 
|  66|0x00000000a5e00000, 0x00000000a5e00000, 0x00000000a5f00000|  0%| F|  |TAMS 0x00000000a5e00000, 0x00000000a5e00000| Untracked 
|  67|0x00000000a5f00000, 0x00000000a5f00000, 0x00000000a6000000|  0%| F|  |TAMS 0x00000000a5f00000, 0x00000000a5f00000| Untracked 
|  68|0x00000000a6000000, 0x00000000a6000000, 0x00000000a6100000|  0%| F|  |TAMS 0x00000000a6000000, 0x00000000a6000000| Untracked 
|  69|0x00000000a6100000, 0x00000000a6100000, 0x00000000a6200000|  0%| F|  |TAMS 0x00000000a6100000, 0x00000000a6100000| Untracked 
|  70|0x00000000a6200000, 0x00000000a6200000, 0x00000000a6300000|  0%| F|  |TAMS 0x00000000a6200000, 0x00000000a6200000| Untracked 
|  71|0x00000000a6300000, 0x00000000a6300000, 0x00000000a6400000|  0%| F|  |TAMS 0x00000000a6300000, 0x00000000a6300000| Untracked 
|  72|0x00000000a6400000, 0x00000000a6400000, 0x00000000a6500000|  0%| F|  |TAMS 0x00000000a6400000, 0x00000000a6400000| Untracked 
|  73|0x00000000a6500000, 0x00000000a6500000, 0x00000000a6600000|  0%| F|  |TAMS 0x00000000a6500000, 0x00000000a6500000| Untracked 
|  74|0x00000000a6600000, 0x00000000a6600000, 0x00000000a6700000|  0%| F|  |TAMS 0x00000000a6600000, 0x00000000a6600000| Untracked 
|  75|0x00000000a6700000, 0x00000000a6700000, 0x00000000a6800000|  0%| F|  |TAMS 0x00000000a6700000, 0x00000000a6700000| Untracked 
|  76|0x00000000a6800000, 0x00000000a6800000, 0x00000000a6900000|  0%| F|  |TAMS 0x00000000a6800000, 0x00000000a6800000| Untracked 
|  77|0x00000000a6900000, 0x00000000a6900000, 0x00000000a6a00000|  0%| F|  |TAMS 0x00000000a6900000, 0x00000000a6900000| Untracked 
|  78|0x00000000a6a00000, 0x00000000a6a00000, 0x00000000a6b00000|  0%| F|  |TAMS 0x00000000a6a00000, 0x00000000a6a00000| Untracked 
|  79|0x00000000a6b00000, 0x00000000a6b00000, 0x00000000a6c00000|  0%| F|  |TAMS 0x00000000a6b00000, 0x00000000a6b00000| Untracked 
|  80|0x00000000a6c00000, 0x00000000a6c00000, 0x00000000a6d00000|  0%| F|  |TAMS 0x00000000a6c00000, 0x00000000a6c00000| Untracked 
|  81|0x00000000a6d00000, 0x00000000a6d00000, 0x00000000a6e00000|  0%| F|  |TAMS 0x00000000a6d00000, 0x00000000a6d00000| Untracked 
|  82|0x00000000a6e00000, 0x00000000a6e00000, 0x00000000a6f00000|  0%| F|  |TAMS 0x00000000a6e00000, 0x00000000a6e00000| Untracked 
|  83|0x00000000a6f00000, 0x00000000a6f00000, 0x00000000a7000000|  0%| F|  |TAMS 0x00000000a6f00000, 0x00000000a6f00000| Untracked 
|  84|0x00000000a7000000, 0x00000000a7000000, 0x00000000a7100000|  0%| F|  |TAMS 0x00000000a7000000, 0x00000000a7000000| Untracked 
|  85|0x00000000a7100000, 0x00000000a7100000, 0x00000000a7200000|  0%| F|  |TAMS 0x00000000a7100000, 0x00000000a7100000| Untracked 
|  86|0x00000000a7200000, 0x00000000a7200000, 0x00000000a7300000|  0%| F|  |TAMS 0x00000000a7200000, 0x00000000a7200000| Untracked 
|  87|0x00000000a7300000, 0x00000000a7300000, 0x00000000a7400000|  0%| F|  |TAMS 0x00000000a7300000, 0x00000000a7300000| Untracked 
|  88|0x00000000a7400000, 0x00000000a7500000, 0x00000000a7500000|100%| O|  |TAMS 0x00000000a7500000, 0x00000000a7400000| Untracked 
|  89|0x00000000a7500000, 0x00000000a7600000, 0x00000000a7600000|100%| O|  |TAMS 0x00000000a7600000, 0x00000000a7500000| Untracked 
|  90|0x00000000a7600000, 0x00000000a7600000, 0x00000000a7700000|  0%| F|  |TAMS 0x00000000a7600000, 0x00000000a7600000| Untracked 
|  91|0x00000000a7700000, 0x00000000a7700000, 0x00000000a7800000|  0%| F|  |TAMS 0x00000000a7700000, 0x00000000a7700000| Untracked 
|  92|0x00000000a7800000, 0x00000000a7800000, 0x00000000a7900000|  0%| F|  |TAMS 0x00000000a7800000, 0x00000000a7800000| Untracked 
|  93|0x00000000a7900000, 0x00000000a7900000, 0x00000000a7a00000|  0%| F|  |TAMS 0x00000000a7900000, 0x00000000a7900000| Untracked 
|  94|0x00000000a7a00000, 0x00000000a7a00000, 0x00000000a7b00000|  0%| F|  |TAMS 0x00000000a7a00000, 0x00000000a7a00000| Untracked 
|  95|0x00000000a7b00000, 0x00000000a7b00000, 0x00000000a7c00000|  0%| F|  |TAMS 0x00000000a7b00000, 0x00000000a7b00000| Untracked 
|  96|0x00000000a7c00000, 0x00000000a7c00000, 0x00000000a7d00000|  0%| F|  |TAMS 0x00000000a7c00000, 0x00000000a7c00000| Untracked 
|  97|0x00000000a7d00000, 0x00000000a7d00000, 0x00000000a7e00000|  0%| F|  |TAMS 0x00000000a7d00000, 0x00000000a7d00000| Untracked 
|  98|0x00000000a7e00000, 0x00000000a7e00000, 0x00000000a7f00000|  0%| F|  |TAMS 0x00000000a7e00000, 0x00000000a7e00000| Untracked 
|  99|0x00000000a7f00000, 0x00000000a7f00000, 0x00000000a8000000|  0%| F|  |TAMS 0x00000000a7f00000, 0x00000000a7f00000| Untracked 
| 100|0x00000000a8000000, 0x00000000a8000000, 0x00000000a8100000|  0%| F|  |TAMS 0x00000000a8000000, 0x00000000a8000000| Untracked 
| 101|0x00000000a8100000, 0x00000000a8100000, 0x00000000a8200000|  0%| F|  |TAMS 0x00000000a8100000, 0x00000000a8100000| Untracked 
| 102|0x00000000a8200000, 0x00000000a8200000, 0x00000000a8300000|  0%| F|  |TAMS 0x00000000a8200000, 0x00000000a8200000| Untracked 
| 103|0x00000000a8300000, 0x00000000a8300000, 0x00000000a8400000|  0%| F|  |TAMS 0x00000000a8300000, 0x00000000a8300000| Untracked 
| 104|0x00000000a8400000, 0x00000000a8400000, 0x00000000a8500000|  0%| F|  |TAMS 0x00000000a8400000, 0x00000000a8400000| Untracked 
| 105|0x00000000a8500000, 0x00000000a8500000, 0x00000000a8600000|  0%| F|  |TAMS 0x00000000a8500000, 0x00000000a8500000| Untracked 
| 106|0x00000000a8600000, 0x00000000a8600000, 0x00000000a8700000|  0%| F|  |TAMS 0x00000000a8600000, 0x00000000a8600000| Untracked 
| 107|0x00000000a8700000, 0x00000000a8700000, 0x00000000a8800000|  0%| F|  |TAMS 0x00000000a8700000, 0x00000000a8700000| Untracked 
| 108|0x00000000a8800000, 0x00000000a8800000, 0x00000000a8900000|  0%| F|  |TAMS 0x00000000a8800000, 0x00000000a8800000| Untracked 
| 109|0x00000000a8900000, 0x00000000a8900000, 0x00000000a8a00000|  0%| F|  |TAMS 0x00000000a8900000, 0x00000000a8900000| Untracked 
| 110|0x00000000a8a00000, 0x00000000a8a00000, 0x00000000a8b00000|  0%| F|  |TAMS 0x00000000a8a00000, 0x00000000a8a00000| Untracked 
| 111|0x00000000a8b00000, 0x00000000a8b00000, 0x00000000a8c00000|  0%| F|  |TAMS 0x00000000a8b00000, 0x00000000a8b00000| Untracked 
| 112|0x00000000a8c00000, 0x00000000a8c00000, 0x00000000a8d00000|  0%| F|  |TAMS 0x00000000a8c00000, 0x00000000a8c00000| Untracked 
| 113|0x00000000a8d00000, 0x00000000a8d00000, 0x00000000a8e00000|  0%| F|  |TAMS 0x00000000a8d00000, 0x00000000a8d00000| Untracked 
| 114|0x00000000a8e00000, 0x00000000a8e00000, 0x00000000a8f00000|  0%| F|  |TAMS 0x00000000a8e00000, 0x00000000a8e00000| Untracked 
| 115|0x00000000a8f00000, 0x00000000a8f00000, 0x00000000a9000000|  0%| F|  |TAMS 0x00000000a8f00000, 0x00000000a8f00000| Untracked 
| 116|0x00000000a9000000, 0x00000000a9000000, 0x00000000a9100000|  0%| F|  |TAMS 0x00000000a9000000, 0x00000000a9000000| Untracked 
| 117|0x00000000a9100000, 0x00000000a9100000, 0x00000000a9200000|  0%| F|  |TAMS 0x00000000a9100000, 0x00000000a9100000| Untracked 
| 118|0x00000000a9200000, 0x00000000a9200000, 0x00000000a9300000|  0%| F|  |TAMS 0x00000000a9200000, 0x00000000a9200000| Untracked 
| 119|0x00000000a9300000, 0x00000000a9300000, 0x00000000a9400000|  0%| F|  |TAMS 0x00000000a9300000, 0x00000000a9300000| Untracked 
| 120|0x00000000a9400000, 0x00000000a9400000, 0x00000000a9500000|  0%| F|  |TAMS 0x00000000a9400000, 0x00000000a9400000| Untracked 
| 121|0x00000000a9500000, 0x00000000a9500000, 0x00000000a9600000|  0%| F|  |TAMS 0x00000000a9500000, 0x00000000a9500000| Untracked 
| 122|0x00000000a9600000, 0x00000000a9600000, 0x00000000a9700000|  0%| F|  |TAMS 0x00000000a9600000, 0x00000000a9600000| Untracked 
| 123|0x00000000a9700000, 0x00000000a9700000, 0x00000000a9800000|  0%| F|  |TAMS 0x00000000a9700000, 0x00000000a9700000| Untracked 
| 124|0x00000000a9800000, 0x00000000a9800000, 0x00000000a9900000|  0%| F|  |TAMS 0x00000000a9800000, 0x00000000a9800000| Untracked 
| 125|0x00000000a9900000, 0x00000000a9900000, 0x00000000a9a00000|  0%| F|  |TAMS 0x00000000a9900000, 0x00000000a9900000| Untracked 
| 126|0x00000000a9a00000, 0x00000000a9a00000, 0x00000000a9b00000|  0%| F|  |TAMS 0x00000000a9a00000, 0x00000000a9a00000| Untracked 
| 127|0x00000000a9b00000, 0x00000000a9b00000, 0x00000000a9c00000|  0%| F|  |TAMS 0x00000000a9b00000, 0x00000000a9b00000| Untracked 
| 128|0x00000000a9c00000, 0x00000000a9c00000, 0x00000000a9d00000|  0%| F|  |TAMS 0x00000000a9c00000, 0x00000000a9c00000| Untracked 
| 129|0x00000000a9d00000, 0x00000000a9d25c88, 0x00000000a9e00000| 14%| S|CS|TAMS 0x00000000a9d00000, 0x00000000a9d00000| Complete 
| 130|0x00000000a9e00000, 0x00000000a9f00000, 0x00000000a9f00000|100%| S|CS|TAMS 0x00000000a9e00000, 0x00000000a9e00000| Complete 
| 131|0x00000000a9f00000, 0x00000000aa000000, 0x00000000aa000000|100%| S|CS|TAMS 0x00000000a9f00000, 0x00000000a9f00000| Complete 
| 132|0x00000000aa000000, 0x00000000aa100000, 0x00000000aa100000|100%| S|CS|TAMS 0x00000000aa000000, 0x00000000aa000000| Complete 
| 133|0x00000000aa100000, 0x00000000aa200000, 0x00000000aa200000|100%| S|CS|TAMS 0x00000000aa100000, 0x00000000aa100000| Complete 
| 134|0x00000000aa200000, 0x00000000aa300000, 0x00000000aa300000|100%| S|CS|TAMS 0x00000000aa200000, 0x00000000aa200000| Complete 
| 135|0x00000000aa300000, 0x00000000aa300000, 0x00000000aa400000|  0%| F|  |TAMS 0x00000000aa300000, 0x00000000aa300000| Untracked 
| 136|0x00000000aa400000, 0x00000000aa400000, 0x00000000aa500000|  0%| F|  |TAMS 0x00000000aa400000, 0x00000000aa400000| Untracked 
| 137|0x00000000aa500000, 0x00000000aa500000, 0x00000000aa600000|  0%| F|  |TAMS 0x00000000aa500000, 0x00000000aa500000| Untracked 
| 138|0x00000000aa600000, 0x00000000aa600000, 0x00000000aa700000|  0%| F|  |TAMS 0x00000000aa600000, 0x00000000aa600000| Untracked 
| 139|0x00000000aa700000, 0x00000000aa700000, 0x00000000aa800000|  0%| F|  |TAMS 0x00000000aa700000, 0x00000000aa700000| Untracked 
| 140|0x00000000aa800000, 0x00000000aa800000, 0x00000000aa900000|  0%| F|  |TAMS 0x00000000aa800000, 0x00000000aa800000| Untracked 
| 141|0x00000000aa900000, 0x00000000aa900000, 0x00000000aaa00000|  0%| F|  |TAMS 0x00000000aa900000, 0x00000000aa900000| Untracked 
| 142|0x00000000aaa00000, 0x00000000aaa00000, 0x00000000aab00000|  0%| F|  |TAMS 0x00000000aaa00000, 0x00000000aaa00000| Untracked 
| 143|0x00000000aab00000, 0x00000000aab00000, 0x00000000aac00000|  0%| F|  |TAMS 0x00000000aab00000, 0x00000000aab00000| Untracked 
| 144|0x00000000aac00000, 0x00000000aac00000, 0x00000000aad00000|  0%| F|  |TAMS 0x00000000aac00000, 0x00000000aac00000| Untracked 
| 145|0x00000000aad00000, 0x00000000aad00000, 0x00000000aae00000|  0%| F|  |TAMS 0x00000000aad00000, 0x00000000aad00000| Untracked 
| 146|0x00000000aae00000, 0x00000000aae00000, 0x00000000aaf00000|  0%| F|  |TAMS 0x00000000aae00000, 0x00000000aae00000| Untracked 
| 147|0x00000000aaf00000, 0x00000000aaf00000, 0x00000000ab000000|  0%| F|  |TAMS 0x00000000aaf00000, 0x00000000aaf00000| Untracked 
| 148|0x00000000ab000000, 0x00000000ab000000, 0x00000000ab100000|  0%| F|  |TAMS 0x00000000ab000000, 0x00000000ab000000| Untracked 
| 149|0x00000000ab100000, 0x00000000ab100000, 0x00000000ab200000|  0%| F|  |TAMS 0x00000000ab100000, 0x00000000ab100000| Untracked 
| 150|0x00000000ab200000, 0x00000000ab200000, 0x00000000ab300000|  0%| F|  |TAMS 0x00000000ab200000, 0x00000000ab200000| Untracked 
| 151|0x00000000ab300000, 0x00000000ab300000, 0x00000000ab400000|  0%| F|  |TAMS 0x00000000ab300000, 0x00000000ab300000| Untracked 
| 152|0x00000000ab400000, 0x00000000ab400000, 0x00000000ab500000|  0%| F|  |TAMS 0x00000000ab400000, 0x00000000ab400000| Untracked 
| 153|0x00000000ab500000, 0x00000000ab500000, 0x00000000ab600000|  0%| F|  |TAMS 0x00000000ab500000, 0x00000000ab500000| Untracked 
| 154|0x00000000ab600000, 0x00000000ab600000, 0x00000000ab700000|  0%| F|  |TAMS 0x00000000ab600000, 0x00000000ab600000| Untracked 
| 155|0x00000000ab700000, 0x00000000ab700000, 0x00000000ab800000|  0%| F|  |TAMS 0x00000000ab700000, 0x00000000ab700000| Untracked 
| 156|0x00000000ab800000, 0x00000000ab800000, 0x00000000ab900000|  0%| F|  |TAMS 0x00000000ab800000, 0x00000000ab800000| Untracked 
| 157|0x00000000ab900000, 0x00000000ab900000, 0x00000000aba00000|  0%| F|  |TAMS 0x00000000ab900000, 0x00000000ab900000| Untracked 
| 158|0x00000000aba00000, 0x00000000aba00000, 0x00000000abb00000|  0%| F|  |TAMS 0x00000000aba00000, 0x00000000aba00000| Untracked 
| 159|0x00000000abb00000, 0x00000000abb00000, 0x00000000abc00000|  0%| F|  |TAMS 0x00000000abb00000, 0x00000000abb00000| Untracked 
| 160|0x00000000abc00000, 0x00000000abc00000, 0x00000000abd00000|  0%| F|  |TAMS 0x00000000abc00000, 0x00000000abc00000| Untracked 
| 161|0x00000000abd00000, 0x00000000abd00000, 0x00000000abe00000|  0%| F|  |TAMS 0x00000000abd00000, 0x00000000abd00000| Untracked 
| 162|0x00000000abe00000, 0x00000000abe00000, 0x00000000abf00000|  0%| F|  |TAMS 0x00000000abe00000, 0x00000000abe00000| Untracked 
| 163|0x00000000abf00000, 0x00000000abf00000, 0x00000000ac000000|  0%| F|  |TAMS 0x00000000abf00000, 0x00000000abf00000| Untracked 
| 164|0x00000000ac000000, 0x00000000ac000000, 0x00000000ac100000|  0%| F|  |TAMS 0x00000000ac000000, 0x00000000ac000000| Untracked 
| 165|0x00000000ac100000, 0x00000000ac100000, 0x00000000ac200000|  0%| F|  |TAMS 0x00000000ac100000, 0x00000000ac100000| Untracked 
| 166|0x00000000ac200000, 0x00000000ac200000, 0x00000000ac300000|  0%| F|  |TAMS 0x00000000ac200000, 0x00000000ac200000| Untracked 
| 167|0x00000000ac300000, 0x00000000ac300000, 0x00000000ac400000|  0%| F|  |TAMS 0x00000000ac300000, 0x00000000ac300000| Untracked 
| 168|0x00000000ac400000, 0x00000000ac400000, 0x00000000ac500000|  0%| F|  |TAMS 0x00000000ac400000, 0x00000000ac400000| Untracked 
| 169|0x00000000ac500000, 0x00000000ac500000, 0x00000000ac600000|  0%| F|  |TAMS 0x00000000ac500000, 0x00000000ac500000| Untracked 
| 170|0x00000000ac600000, 0x00000000ac600000, 0x00000000ac700000|  0%| F|  |TAMS 0x00000000ac600000, 0x00000000ac600000| Untracked 
| 171|0x00000000ac700000, 0x00000000ac700000, 0x00000000ac800000|  0%| F|  |TAMS 0x00000000ac700000, 0x00000000ac700000| Untracked 
| 172|0x00000000ac800000, 0x00000000ac800000, 0x00000000ac900000|  0%| F|  |TAMS 0x00000000ac800000, 0x00000000ac800000| Untracked 
| 173|0x00000000ac900000, 0x00000000ac900000, 0x00000000aca00000|  0%| F|  |TAMS 0x00000000ac900000, 0x00000000ac900000| Untracked 
| 174|0x00000000aca00000, 0x00000000aca00000, 0x00000000acb00000|  0%| F|  |TAMS 0x00000000aca00000, 0x00000000aca00000| Untracked 
| 175|0x00000000acb00000, 0x00000000acb00000, 0x00000000acc00000|  0%| F|  |TAMS 0x00000000acb00000, 0x00000000acb00000| Untracked 
| 176|0x00000000acc00000, 0x00000000acc00000, 0x00000000acd00000|  0%| F|  |TAMS 0x00000000acc00000, 0x00000000acc00000| Untracked 
| 177|0x00000000acd00000, 0x00000000acd80800, 0x00000000ace00000| 50%| E|  |TAMS 0x00000000acd00000, 0x00000000acd00000| Complete 
| 178|0x00000000ace00000, 0x00000000acf00000, 0x00000000acf00000|100%| E|CS|TAMS 0x00000000ace00000, 0x00000000ace00000| Complete 
| 179|0x00000000acf00000, 0x00000000ad000000, 0x00000000ad000000|100%| E|CS|TAMS 0x00000000acf00000, 0x00000000acf00000| Complete 
| 180|0x00000000ad000000, 0x00000000ad100000, 0x00000000ad100000|100%| E|CS|TAMS 0x00000000ad000000, 0x00000000ad000000| Complete 
| 181|0x00000000ad100000, 0x00000000ad200000, 0x00000000ad200000|100%| E|CS|TAMS 0x00000000ad100000, 0x00000000ad100000| Complete 
| 182|0x00000000ad200000, 0x00000000ad300000, 0x00000000ad300000|100%| E|CS|TAMS 0x00000000ad200000, 0x00000000ad200000| Complete 
| 183|0x00000000ad300000, 0x00000000ad400000, 0x00000000ad400000|100%| E|CS|TAMS 0x00000000ad300000, 0x00000000ad300000| Complete 
| 184|0x00000000ad400000, 0x00000000ad500000, 0x00000000ad500000|100%| E|CS|TAMS 0x00000000ad400000, 0x00000000ad400000| Complete 
| 185|0x00000000ad500000, 0x00000000ad600000, 0x00000000ad600000|100%| E|CS|TAMS 0x00000000ad500000, 0x00000000ad500000| Complete 
| 186|0x00000000ad600000, 0x00000000ad700000, 0x00000000ad700000|100%| E|CS|TAMS 0x00000000ad600000, 0x00000000ad600000| Complete 
| 187|0x00000000ad700000, 0x00000000ad800000, 0x00000000ad800000|100%| E|CS|TAMS 0x00000000ad700000, 0x00000000ad700000| Complete 
| 188|0x00000000ad800000, 0x00000000ad900000, 0x00000000ad900000|100%| E|CS|TAMS 0x00000000ad800000, 0x00000000ad800000| Complete 
| 189|0x00000000ad900000, 0x00000000ada00000, 0x00000000ada00000|100%| E|CS|TAMS 0x00000000ad900000, 0x00000000ad900000| Complete 
| 190|0x00000000ada00000, 0x00000000adb00000, 0x00000000adb00000|100%| E|CS|TAMS 0x00000000ada00000, 0x00000000ada00000| Complete 
| 191|0x00000000adb00000, 0x00000000adc00000, 0x00000000adc00000|100%| E|CS|TAMS 0x00000000adb00000, 0x00000000adb00000| Complete 
| 192|0x00000000adc00000, 0x00000000add00000, 0x00000000add00000|100%| E|CS|TAMS 0x00000000adc00000, 0x00000000adc00000| Complete 
| 193|0x00000000add00000, 0x00000000ade00000, 0x00000000ade00000|100%| E|CS|TAMS 0x00000000add00000, 0x00000000add00000| Complete 

Card table byte_map: [0x0000018a3b020000,0x0000018a3b320000] _byte_map_base: 0x0000018a3ab12000

Marking Bits (Prev, Next): (CMBitMap*) 0x0000018a286bb6c0, (CMBitMap*) 0x0000018a286bb700
 Prev Bits: [0x0000018a3b620000, 0x0000018a3cdb0000)
 Next Bits: [0x0000018a3cdb0000, 0x0000018a3e540000)

Polling page: 0x0000018a27e40000

Metaspace:

Usage:
  Non-class:     71.31 MB used.
      Class:     10.32 MB used.
       Both:     81.63 MB used.

Virtual space:
  Non-class space:       80.00 MB reserved,      71.62 MB ( 90%) committed,  10 nodes.
      Class space:        1.00 GB reserved,      10.62 MB (  1%) committed,  1 nodes.
             Both:        1.08 GB reserved,      82.25 MB (  7%) committed. 

Chunk freelists:
   Non-Class:  3.67 MB
       Class:  1.33 MB
        Both:  5.00 MB

MaxMetaspaceSize: unlimited
CompressedClassSpaceSize: 1.00 GB
Initial GC threshold: 21.00 MB
Current GC threshold: 136.38 MB
CDS: off
MetaspaceReclaimPolicy: balanced
 - commit_granule_bytes: 65536.
 - commit_granule_words: 8192.
 - virtual_space_node_default_size: 1048576.
 - enlarge_chunks_in_place: 1.
 - new_chunks_are_fully_committed: 0.
 - uncommit_free_chunks: 1.
 - use_allocation_guard: 0.
 - handle_deallocations: 1.


Internal statistics:

num_allocs_failed_limit: 12.
num_arena_births: 816.
num_arena_deaths: 6.
num_vsnodes_births: 11.
num_vsnodes_deaths: 0.
num_space_committed: 1316.
num_space_uncommitted: 0.
num_chunks_returned_to_freelist: 20.
num_chunks_taken_from_freelist: 3479.
num_chunk_merges: 12.
num_chunk_splits: 2456.
num_chunks_enlarged: 1868.
num_purges: 8.
num_inconsistent_stats: 0.

CodeHeap 'non-profiled nmethods': size=120000Kb used=8493Kb max_used=8493Kb free=111506Kb
 bounds [0x0000018a337f0000, 0x0000018a34040000, 0x0000018a3ad20000]
CodeHeap 'profiled nmethods': size=120000Kb used=16606Kb max_used=17226Kb free=103394Kb
 bounds [0x0000018a2c2c0000, 0x0000018a2d3a0000, 0x0000018a337f0000]
CodeHeap 'non-nmethods': size=5760Kb used=1360Kb max_used=1459Kb free=4399Kb
 bounds [0x0000018a2bd20000, 0x0000018a2bf90000, 0x0000018a2c2c0000]
 total_blobs=9898 nmethods=9209 adapters=600
 compilation: enabled
              stopped_count=0, restarted_count=0
 full_count=0

Compilation events (20 events):
Event: 2008.698 Thread 0x0000018a40a6e0e0 nmethod 11534 0x0000018a2ce67b90 code [0x0000018a2ce67d20, 0x0000018a2ce67e98]
Event: 2008.712 Thread 0x0000018a41420350 11535       4       java.lang.ref.WeakReference::<init> (7 bytes)
Event: 2008.718 Thread 0x0000018a41420350 nmethod 11535 0x0000018a34038d90 code [0x0000018a34038f00, 0x0000018a34039138]
Event: 2009.053 Thread 0x0000018a40a6e0e0 11536  s    3       org.apache.catalina.util.LifecycleBase::setState (8 bytes)
Event: 2009.054 Thread 0x0000018a40a6e0e0 nmethod 11536 0x0000018a2c307d90 code [0x0000018a2c307f40, 0x0000018a2c308128]
Event: 2009.254 Thread 0x0000018a40a6e0e0 11537       3       org.apache.tomcat.util.threads.ThreadPoolExecutor::runStateAtLeast (11 bytes)
Event: 2009.254 Thread 0x0000018a40a6e0e0 nmethod 11537 0x0000018a2cca4290 code [0x0000018a2cca4420, 0x0000018a2cca4578]
Event: 2009.257 Thread 0x0000018a41420350 11538   !   4       java.util.concurrent.locks.AbstractQueuedSynchronizer::acquire (407 bytes)
Event: 2009.288 Thread 0x0000018a40a6e0e0 11539   !   3       java.util.logging.LogManager$LoggerContext::findLogger (113 bytes)
Event: 2009.326 Thread 0x0000018a40a6e0e0 nmethod 11539 0x0000018a2c6f4890 code [0x0000018a2c6f4b20, 0x0000018a2c6f5ac8]
Event: 2009.371 Thread 0x0000018a41420350 nmethod 11538 0x0000018a34039190 code [0x0000018a340393e0, 0x0000018a3403ad60]
Event: 2009.769 Thread 0x0000018a40a6e0e0 11540       3       java.util.concurrent.ThreadPoolExecutor::ctlOf (4 bytes)
Event: 2009.769 Thread 0x0000018a40a6e0e0 nmethod 11540 0x0000018a2c787390 code [0x0000018a2c787520, 0x0000018a2c787618]
Event: 2009.773 Thread 0x0000018a40a6e0e0 11541       3       java.util.concurrent.ConcurrentHashMap$BaseIterator::remove (37 bytes)
Event: 2009.775 Thread 0x0000018a40a6e0e0 nmethod 11541 0x0000018a2cacbd10 code [0x0000018a2cacbee0, 0x0000018a2cacc178]
Event: 2009.775 Thread 0x0000018a40a6e0e0 11542       3       org.springframework.beans.factory.support.DefaultListableBeanFactory::destroySingleton (15 bytes)
Event: 2009.786 Thread 0x0000018a40a6e0e0 nmethod 11542 0x0000018a2c7da790 code [0x0000018a2c7daa40, 0x0000018a2c7db778]
Event: 2009.786 Thread 0x0000018a40a6e0e0 11543   !   3       org.springframework.beans.factory.support.DefaultSingletonBeanRegistry::destroySingleton (45 bytes)
Event: 2009.789 Thread 0x0000018a40a6e0e0 nmethod 11543 0x0000018a2c6f3f90 code [0x0000018a2c6f4160, 0x0000018a2c6f46a8]
Event: 2009.789 Thread 0x0000018a40a6e0e0 11544       3       java.time.LocalTime::ofNanoOfDay (68 bytes)

GC Heap History (20 events):
Event: 1860.718 GC heap before
{Heap before GC invocations=62 (full 4):
 garbage-first heap   total 198656K, used 120132K [0x00000000a1c00000, 0x0000000100000000)
  region size 1024K, 71 young (72704K), 1 survivors (1024K)
 Metaspace       used 83086K, committed 83776K, reserved 1122304K
  class space    used 10552K, committed 10880K, reserved 1048576K
}
Event: 1863.578 GC heap after
{Heap after GC invocations=63 (full 4):
 garbage-first heap   total 198656K, used 52400K [0x00000000a1c00000, 0x0000000100000000)
  region size 1024K, 5 young (5120K), 5 survivors (5120K)
 Metaspace       used 83086K, committed 83776K, reserved 1122304K
  class space    used 10552K, committed 10880K, reserved 1048576K
}
Event: 1865.058 GC heap before
{Heap before GC invocations=63 (full 4):
 garbage-first heap   total 198656K, used 56496K [0x00000000a1c00000, 0x0000000100000000)
  region size 1024K, 9 young (9216K), 5 survivors (5120K)
 Metaspace       used 83086K, committed 83776K, reserved 1122304K
  class space    used 10552K, committed 10880K, reserved 1048576K
}
Event: 1865.133 GC heap after
{Heap after GC invocations=64 (full 4):
 garbage-first heap   total 198656K, used 53334K [0x00000000a1c00000, 0x0000000100000000)
  region size 1024K, 1 young (1024K), 1 survivors (1024K)
 Metaspace       used 83086K, committed 83776K, reserved 1122304K
  class space    used 10552K, committed 10880K, reserved 1048576K
}
Event: 1866.585 GC heap before
{Heap before GC invocations=64 (full 4):
 garbage-first heap   total 198656K, used 60502K [0x00000000a1c00000, 0x0000000100000000)
  region size 1024K, 9 young (9216K), 1 survivors (1024K)
 Metaspace       used 83086K, committed 83776K, reserved 1122304K
  class space    used 10552K, committed 10880K, reserved 1048576K
}
Event: 1866.592 GC heap after
{Heap after GC invocations=65 (full 4):
 garbage-first heap   total 198656K, used 53734K [0x00000000a1c00000, 0x0000000100000000)
  region size 1024K, 2 young (2048K), 2 survivors (2048K)
 Metaspace       used 83086K, committed 83776K, reserved 1122304K
  class space    used 10552K, committed 10880K, reserved 1048576K
}
Event: 1868.130 GC heap before
{Heap before GC invocations=65 (full 4):
 garbage-first heap   total 198656K, used 59878K [0x00000000a1c00000, 0x0000000100000000)
  region size 1024K, 9 young (9216K), 2 survivors (2048K)
 Metaspace       used 83086K, committed 83776K, reserved 1122304K
  class space    used 10552K, committed 10880K, reserved 1048576K
}
Event: 1868.148 GC heap after
{Heap after GC invocations=66 (full 4):
 garbage-first heap   total 198656K, used 54718K [0x00000000a1c00000, 0x0000000100000000)
  region size 1024K, 2 young (2048K), 2 survivors (2048K)
 Metaspace       used 83086K, committed 83776K, reserved 1122304K
  class space    used 10552K, committed 10880K, reserved 1048576K
}
Event: 1869.805 GC heap before
{Heap before GC invocations=66 (full 4):
 garbage-first heap   total 198656K, used 61886K [0x00000000a1c00000, 0x0000000100000000)
  region size 1024K, 9 young (9216K), 2 survivors (2048K)
 Metaspace       used 83086K, committed 83776K, reserved 1122304K
  class space    used 10552K, committed 10880K, reserved 1048576K
}
Event: 1869.816 GC heap after
{Heap after GC invocations=67 (full 4):
 garbage-first heap   total 198656K, used 55605K [0x00000000a1c00000, 0x0000000100000000)
  region size 1024K, 2 young (2048K), 2 survivors (2048K)
 Metaspace       used 83086K, committed 83776K, reserved 1122304K
  class space    used 10552K, committed 10880K, reserved 1048576K
}
Event: 1876.586 GC heap before
{Heap before GC invocations=67 (full 4):
 garbage-first heap   total 198656K, used 62773K [0x00000000a1c00000, 0x0000000100000000)
  region size 1024K, 9 young (9216K), 2 survivors (2048K)
 Metaspace       used 83089K, committed 83776K, reserved 1122304K
  class space    used 10552K, committed 10880K, reserved 1048576K
}
Event: 1876.597 GC heap after
{Heap after GC invocations=68 (full 4):
 garbage-first heap   total 198656K, used 56565K [0x00000000a1c00000, 0x0000000100000000)
  region size 1024K, 2 young (2048K), 2 survivors (2048K)
 Metaspace       used 83089K, committed 83776K, reserved 1122304K
  class space    used 10552K, committed 10880K, reserved 1048576K
}
Event: 1878.000 GC heap before
{Heap before GC invocations=68 (full 4):
 garbage-first heap   total 198656K, used 63733K [0x00000000a1c00000, 0x0000000100000000)
  region size 1024K, 9 young (9216K), 2 survivors (2048K)
 Metaspace       used 83096K, committed 83776K, reserved 1122304K
  class space    used 10554K, committed 10880K, reserved 1048576K
}
Event: 1878.008 GC heap after
{Heap after GC invocations=69 (full 4):
 garbage-first heap   total 198656K, used 57428K [0x00000000a1c00000, 0x0000000100000000)
  region size 1024K, 2 young (2048K), 2 survivors (2048K)
 Metaspace       used 83096K, committed 83776K, reserved 1122304K
  class space    used 10554K, committed 10880K, reserved 1048576K
}
Event: 1883.182 GC heap before
{Heap before GC invocations=69 (full 4):
 garbage-first heap   total 198656K, used 71764K [0x00000000a1c00000, 0x0000000100000000)
  region size 1024K, 16 young (16384K), 2 survivors (2048K)
 Metaspace       used 83114K, committed 83776K, reserved 1122304K
  class space    used 10555K, committed 10880K, reserved 1048576K
}
Event: 1883.195 GC heap after
{Heap after GC invocations=70 (full 4):
 garbage-first heap   total 198656K, used 58326K [0x00000000a1c00000, 0x0000000100000000)
  region size 1024K, 2 young (2048K), 2 survivors (2048K)
 Metaspace       used 83114K, committed 83776K, reserved 1122304K
  class space    used 10555K, committed 10880K, reserved 1048576K
}
Event: 1901.687 GC heap before
{Heap before GC invocations=70 (full 4):
 garbage-first heap   total 198656K, used 96214K [0x00000000a1c00000, 0x0000000100000000)
  region size 1024K, 38 young (38912K), 2 survivors (2048K)
 Metaspace       used 83241K, committed 83904K, reserved 1130496K
  class space    used 10560K, committed 10880K, reserved 1048576K
}
Event: 1901.702 GC heap after
{Heap after GC invocations=71 (full 4):
 garbage-first heap   total 198656K, used 60160K [0x00000000a1c00000, 0x0000000100000000)
  region size 1024K, 4 young (4096K), 4 survivors (4096K)
 Metaspace       used 83241K, committed 83904K, reserved 1130496K
  class space    used 10560K, committed 10880K, reserved 1048576K
}
Event: 1908.527 GC heap before
{Heap before GC invocations=71 (full 4):
 garbage-first heap   total 198656K, used 116480K [0x00000000a1c00000, 0x0000000100000000)
  region size 1024K, 59 young (60416K), 4 survivors (4096K)
 Metaspace       used 83506K, committed 84160K, reserved 1130496K
  class space    used 10569K, committed 10880K, reserved 1048576K
}
Event: 1908.546 GC heap after
{Heap after GC invocations=72 (full 4):
 garbage-first heap   total 198656K, used 61784K [0x00000000a1c00000, 0x0000000100000000)
  region size 1024K, 6 young (6144K), 6 survivors (6144K)
 Metaspace       used 83506K, committed 84160K, reserved 1130496K
  class space    used 10569K, committed 10880K, reserved 1048576K
}

Deoptimization events (20 events):
Event: 1980.536 Thread 0x0000018a42b2c5d0 DEOPT PACKING pc=0x0000018a2c3c6b56 sp=0x000000358f5facf0
Event: 1980.545 Thread 0x0000018a42b2c5d0 DEOPT UNPACKING pc=0x0000018a2bd72b43 sp=0x000000358f5fa200 mode 0
Event: 1980.648 Thread 0x0000018a42b2c5d0 DEOPT PACKING pc=0x0000018a2c3c6b56 sp=0x000000358f5facf0
Event: 1980.653 Thread 0x0000018a42b2c5d0 DEOPT UNPACKING pc=0x0000018a2bd72b43 sp=0x000000358f5fa200 mode 0
Event: 2001.398 Thread 0x0000018a42b2c5d0 Uncommon trap: trap_request=0xffffffd6 fr.pc=0x0000018a34026888 relative=0x0000000000000368
Event: 2001.398 Thread 0x0000018a42b2c5d0 Uncommon trap: reason=array_check action=maybe_recompile pc=0x0000018a34026888 method=java.util.LinkedHashMap.valuesToArray([Ljava/lang/Object;)[Ljava/lang/Object; @ 25 c2
Event: 2001.398 Thread 0x0000018a42b2c5d0 DEOPT PACKING pc=0x0000018a34026888 sp=0x000000358f5f98d0
Event: 2001.399 Thread 0x0000018a42b2c5d0 DEOPT UNPACKING pc=0x0000018a2bd723a3 sp=0x000000358f5f9878 mode 2
Event: 2001.400 Thread 0x0000018a42b2c5d0 Uncommon trap: trap_request=0xffffffd6 fr.pc=0x0000018a34026888 relative=0x0000000000000368
Event: 2001.400 Thread 0x0000018a42b2c5d0 Uncommon trap: reason=array_check action=maybe_recompile pc=0x0000018a34026888 method=java.util.LinkedHashMap.valuesToArray([Ljava/lang/Object;)[Ljava/lang/Object; @ 25 c2
Event: 2001.400 Thread 0x0000018a42b2c5d0 DEOPT PACKING pc=0x0000018a34026888 sp=0x000000358f5f92d0
Event: 2001.401 Thread 0x0000018a42b2c5d0 DEOPT UNPACKING pc=0x0000018a2bd723a3 sp=0x000000358f5f9278 mode 2
Event: 2001.414 Thread 0x0000018a42b2c5d0 Uncommon trap: trap_request=0xffffffd6 fr.pc=0x0000018a34026888 relative=0x0000000000000368
Event: 2001.414 Thread 0x0000018a42b2c5d0 Uncommon trap: reason=array_check action=maybe_recompile pc=0x0000018a34026888 method=java.util.LinkedHashMap.valuesToArray([Ljava/lang/Object;)[Ljava/lang/Object; @ 25 c2
Event: 2001.414 Thread 0x0000018a42b2c5d0 DEOPT PACKING pc=0x0000018a34026888 sp=0x000000358f5f92d0
Event: 2001.414 Thread 0x0000018a42b2c5d0 DEOPT UNPACKING pc=0x0000018a2bd723a3 sp=0x000000358f5f9278 mode 2
Event: 2001.414 Thread 0x0000018a42b2c5d0 Uncommon trap: trap_request=0xffffffd6 fr.pc=0x0000018a34026888 relative=0x0000000000000368
Event: 2001.414 Thread 0x0000018a42b2c5d0 Uncommon trap: reason=array_check action=maybe_recompile pc=0x0000018a34026888 method=java.util.LinkedHashMap.valuesToArray([Ljava/lang/Object;)[Ljava/lang/Object; @ 25 c2
Event: 2001.414 Thread 0x0000018a42b2c5d0 DEOPT PACKING pc=0x0000018a34026888 sp=0x000000358f5f9490
Event: 2001.414 Thread 0x0000018a42b2c5d0 DEOPT UNPACKING pc=0x0000018a2bd723a3 sp=0x000000358f5f9438 mode 2

Classes unloaded (3 events):
Event: 470.192 Thread 0x0000018a409ef880 Unloading class 0x0000000100a5a800 'org/apache/catalina/loader/JdbcLeakPrevention'
Event: 485.313 Thread 0x0000018a409ef880 Unloading class 0x0000000100a96000 'org/apache/catalina/loader/JdbcLeakPrevention'
Event: 1765.380 Thread 0x0000018a409ef880 Unloading class 0x0000000100a9cc00 'org/apache/catalina/loader/JdbcLeakPrevention'

Classes redefined (0 events):
No events

Internal exceptions (20 events):
Event: 1766.423 Thread 0x0000018a42b2c5d0 Exception <a 'sun/nio/fs/WindowsException'{0x00000000a90d9878}> (0x00000000a90d9878) 
thrown [e:\jenkins\tmp\workspace\build\src\src\hotspot\share\prims\jni.cpp, line 516]
Event: 1768.518 Thread 0x0000018a42b2c5d0 Exception <a 'sun/nio/fs/WindowsException'{0x00000000a8c22e50}> (0x00000000a8c22e50) 
thrown [e:\jenkins\tmp\workspace\build\src\src\hotspot\share\prims\jni.cpp, line 516]
Event: 1880.386 Thread 0x0000018a42b2c5d0 Exception <a 'sun/nio/fs/WindowsException'{0x00000000ad7e9390}> (0x00000000ad7e9390) 
thrown [e:\jenkins\tmp\workspace\build\src\src\hotspot\share\prims\jni.cpp, line 516]
Event: 1880.794 Thread 0x0000018a42b2c5d0 Exception <a 'sun/nio/fs/WindowsException'{0x00000000ad61ea00}> (0x00000000ad61ea00) 
thrown [e:\jenkins\tmp\workspace\build\src\src\hotspot\share\prims\jni.cpp, line 516]
Event: 1884.134 Thread 0x0000018a42b2c5d0 Exception <a 'java/lang/NoClassDefFoundError'{0x00000000adc57278}: org/flywaydb/core/Flyway> (0x00000000adc57278) 
thrown [e:\jenkins\tmp\workspace\build\src\src\hotspot\share\oops\constantPool.cpp, line 835]
Event: 1884.134 Thread 0x0000018a42b2c5d0 Exception <a 'java/lang/NoClassDefFoundError'{0x00000000adc578c8}: liquibase/integration/spring/SpringLiquibase> (0x00000000adc578c8) 
thrown [e:\jenkins\tmp\workspace\build\src\src\hotspot\share\oops\constantPool.cpp, line 835]
Event: 1884.150 Thread 0x0000018a42b2c5d0 Exception <a 'java/lang/NoClassDefFoundError'{0x00000000adcb4230}: org/jooq/DSLContext> (0x00000000adcb4230) 
thrown [e:\jenkins\tmp\workspace\build\src\src\hotspot\share\oops\constantPool.cpp, line 835]
Event: 1884.150 Thread 0x0000018a42b2c5d0 Exception <a 'java/lang/NoClassDefFoundError'{0x00000000adcbde40}: org/springframework/batch/core/repository/JobRepository> (0x00000000adcbde40) 
thrown [e:\jenkins\tmp\workspace\build\src\src\hotspot\share\oops\constantPool.cpp, line 835]
Event: 1884.150 Thread 0x0000018a42b2c5d0 Exception <a 'java/lang/NoClassDefFoundError'{0x00000000adcbe488}: org/quartz/Scheduler> (0x00000000adcbe488) 
thrown [e:\jenkins\tmp\workspace\build\src\src\hotspot\share\oops\constantPool.cpp, line 835]
Event: 1884.150 Thread 0x0000018a42b2c5d0 Exception <a 'java/lang/NoClassDefFoundError'{0x00000000adcbeaf8}: org/springframework/session/jdbc/JdbcIndexedSessionRepository> (0x00000000adcbeaf8) 
thrown [e:\jenkins\tmp\workspace\build\src\src\hotspot\share\oops\constantPool.cpp, line 835]
Event: 1886.981 Thread 0x0000018a42b2c5d0 Exception <a 'sun/nio/fs/WindowsException'{0x00000000ad1b66f8}> (0x00000000ad1b66f8) 
thrown [e:\jenkins\tmp\workspace\build\src\src\hotspot\share\prims\jni.cpp, line 516]
Event: 1886.983 Thread 0x0000018a42b2c5d0 Exception <a 'sun/nio/fs/WindowsException'{0x00000000ad1b6e20}> (0x00000000ad1b6e20) 
thrown [e:\jenkins\tmp\workspace\build\src\src\hotspot\share\prims\jni.cpp, line 516]
Event: 1886.983 Thread 0x0000018a42b2c5d0 Exception <a 'sun/nio/fs/WindowsException'{0x00000000ad1b7518}> (0x00000000ad1b7518) 
thrown [e:\jenkins\tmp\workspace\build\src\src\hotspot\share\prims\jni.cpp, line 516]
Event: 1887.418 Thread 0x0000018a42b2c5d0 Exception <a 'java/io/FileNotFoundException'{0x00000000ad1faae0}> (0x00000000ad1faae0) 
thrown [e:\jenkins\tmp\workspace\build\src\src\hotspot\share\prims\jni.cpp, line 516]
Event: 1888.165 Thread 0x0000018a42b2c5d0 Exception <a 'java/io/FileNotFoundException'{0x00000000acb33190}> (0x00000000acb33190) 
thrown [e:\jenkins\tmp\workspace\build\src\src\hotspot\share\prims\jni.cpp, line 516]
Event: 1896.665 Thread 0x0000018a42b2c5d0 Exception <a 'sun/nio/fs/WindowsException'{0x00000000ac70e258}> (0x00000000ac70e258) 
thrown [e:\jenkins\tmp\workspace\build\src\src\hotspot\share\prims\jni.cpp, line 516]
Event: 1903.459 Thread 0x0000018a42b2c5d0 Exception <a 'sun/nio/fs/WindowsException'{0x00000000ad3aab98}> (0x00000000ad3aab98) 
thrown [e:\jenkins\tmp\workspace\build\src\src\hotspot\share\prims\jni.cpp, line 516]
Event: 1908.454 Thread 0x0000018a42b2c5d0 Exception <a 'java/net/BindException'{0x00000000aa3c1a80}: Address already in use: bind> (0x00000000aa3c1a80) 
thrown [e:\jenkins\tmp\workspace\build\src\src\hotspot\share\prims\jni.cpp, line 535]
Event: 1908.454 Thread 0x0000018a42b2c5d0 Exception <a 'java/net/SocketException'{0x00000000aa3c2060}: Socket is not connected: shutdown> (0x00000000aa3c2060) 
thrown [e:\jenkins\tmp\workspace\build\src\src\hotspot\share\prims\jni.cpp, line 535]
Event: 2009.258 Thread 0x0000018a42b2e2b0 Exception <a 'java/lang/InterruptedException'{0x00000000acd00840}: sleep interrupted> (0x00000000acd00840) 
thrown [e:\jenkins\tmp\workspace\build\src\src\hotspot\share\prims\jvm.cpp, line 3067]

VM Operations (20 events):
Event: 1959.019 Executing VM operation: Cleanup
Event: 1959.019 Executing VM operation: Cleanup done
Event: 1960.023 Executing VM operation: Cleanup
Event: 1960.277 Executing VM operation: Cleanup done
Event: 1966.324 Executing VM operation: Cleanup
Event: 1967.684 Executing VM operation: Cleanup done
Event: 1971.752 Executing VM operation: Cleanup
Event: 1972.884 Executing VM operation: Cleanup done
Event: 1975.933 Executing VM operation: Cleanup
Event: 1978.854 Executing VM operation: Cleanup done
Event: 2001.018 Executing VM operation: Cleanup
Event: 2001.036 Executing VM operation: Cleanup done
Event: 2002.043 Executing VM operation: Cleanup
Event: 2002.060 Executing VM operation: Cleanup done
Event: 2003.062 Executing VM operation: Cleanup
Event: 2003.174 Executing VM operation: Cleanup done
Event: 2004.178 Executing VM operation: Cleanup
Event: 2004.178 Executing VM operation: Cleanup done
Event: 2008.216 Executing VM operation: Cleanup
Event: 2008.217 Executing VM operation: Cleanup done

Events (20 events):
Event: 2003.211 Thread 0x0000018a42cf0d90 Thread added: 0x0000018a42cf0d90
Event: 2003.212 Thread 0x0000018a42cefa50 Thread added: 0x0000018a42cefa50
Event: 2007.945 Thread 0x0000018a42b2c5d0 Thread exited: 0x0000018a42b2c5d0
Event: 2007.953 Thread 0x0000018a42b2bc30 Thread exited: 0x0000018a42b2bc30
Event: 2008.680 Thread 0x0000018a42cefa50 Thread exited: 0x0000018a42cefa50
Event: 2009.253 Thread 0x0000018a42cf0d90 Thread exited: 0x0000018a42cf0d90
Event: 2009.254 Thread 0x0000018a42cf50f0 Thread exited: 0x0000018a42cf50f0
Event: 2009.254 Thread 0x0000018a42b2a420 Thread exited: 0x0000018a42b2a420
Event: 2009.254 Thread 0x0000018a42cf1260 Thread exited: 0x0000018a42cf1260
Event: 2009.254 Thread 0x0000018a42cf25a0 Thread exited: 0x0000018a42cf25a0
Event: 2009.255 Thread 0x0000018a42b2b290 Thread exited: 0x0000018a42b2b290
Event: 2009.255 Thread 0x0000018a42b2a8f0 Thread exited: 0x0000018a42b2a8f0
Event: 2009.255 Thread 0x0000018a42b2adc0 Thread exited: 0x0000018a42b2adc0
Event: 2009.255 Thread 0x0000018a42cf2a70 Thread exited: 0x0000018a42cf2a70
Event: 2009.255 Thread 0x0000018a42cf6dd0 Thread exited: 0x0000018a42cf6dd0
Event: 2009.255 Thread 0x0000018a42cf3410 Thread exited: 0x0000018a42cf3410
Event: 2009.257 Thread 0x0000018a42b2d440 Thread exited: 0x0000018a42b2d440
Event: 2009.257 Thread 0x0000018a42b2c100 Thread exited: 0x0000018a42b2c100
Event: 2009.258 Thread 0x0000018a42b2e2b0 Thread exited: 0x0000018a42b2e2b0
Event: 2009.769 Thread 0x0000018a42b30460 Thread exited: 0x0000018a42b30460


Dynamic libraries:
0x00007ff6c0d80000 - 0x00007ff6c0d8e000 	C:\Users\Manimozhi\Downloads\eclipse-jee-2022-03-R-win32-x86_64\eclipse\plugins\org.eclipse.justj.openjdk.hotspot.jre.full.win32.x86_64_17.0.2.v20220201-1208\jre\bin\javaw.exe
0x00007ffff2770000 - 0x00007ffff2986000 	C:\WINDOWS\SYSTEM32\ntdll.dll
0x00007ffff0800000 - 0x00007ffff08c4000 	C:\WINDOWS\System32\KERNEL32.DLL
0x00007fffefef0000 - 0x00007ffff0297000 	C:\WINDOWS\System32\KERNELBASE.dll
0x00007fffefa90000 - 0x00007fffefba1000 	C:\WINDOWS\System32\ucrtbase.dll
0x00007fffddb70000 - 0x00007fffddb88000 	C:\Users\Manimozhi\Downloads\eclipse-jee-2022-03-R-win32-x86_64\eclipse\plugins\org.eclipse.justj.openjdk.hotspot.jre.full.win32.x86_64_17.0.2.v20220201-1208\jre\bin\jli.dll
0x00007ffff2450000 - 0x00007ffff25fe000 	C:\WINDOWS\System32\USER32.dll
0x00007ffff03d0000 - 0x00007ffff03f6000 	C:\WINDOWS\System32\win32u.dll
0x00007ffff1c70000 - 0x00007ffff1c99000 	C:\WINDOWS\System32\GDI32.dll
0x00007fffefc60000 - 0x00007fffefd79000 	C:\WINDOWS\System32\gdi32full.dll
0x00007ffff0400000 - 0x00007ffff049a000 	C:\WINDOWS\System32\msvcp_win.dll
0x00007fffea760000 - 0x00007fffea779000 	C:\Users\Manimozhi\Downloads\eclipse-jee-2022-03-R-win32-x86_64\eclipse\plugins\org.eclipse.justj.openjdk.hotspot.jre.full.win32.x86_64_17.0.2.v20220201-1208\jre\bin\VCRUNTIME140.dll
0x00007fffeed80000 - 0x00007fffef013000 	C:\WINDOWS\WinSxS\amd64_microsoft.windows.common-controls_6595b64144ccf1df_6.0.22621.3235_none_270f74e173860f98\COMCTL32.dll
0x00007ffff04a0000 - 0x00007ffff0547000 	C:\WINDOWS\System32\msvcrt.dll
0x00007ffff1c30000 - 0x00007ffff1c61000 	C:\WINDOWS\System32\IMM32.DLL
0x00007fffec220000 - 0x00007fffec22c000 	C:\Users\Manimozhi\Downloads\eclipse-jee-2022-03-R-win32-x86_64\eclipse\plugins\org.eclipse.justj.openjdk.hotspot.jre.full.win32.x86_64_17.0.2.v20220201-1208\jre\bin\vcruntime140_1.dll
0x00007fffc7910000 - 0x00007fffc79a1000 	C:\Users\Manimozhi\Downloads\eclipse-jee-2022-03-R-win32-x86_64\eclipse\plugins\org.eclipse.justj.openjdk.hotspot.jre.full.win32.x86_64_17.0.2.v20220201-1208\jre\bin\msvcp140.dll
0x00007fff352b0000 - 0x00007fff35ef7000 	C:\Users\Manimozhi\Downloads\eclipse-jee-2022-03-R-win32-x86_64\eclipse\plugins\org.eclipse.justj.openjdk.hotspot.jre.full.win32.x86_64_17.0.2.v20220201-1208\jre\bin\server\jvm.dll
0x00007ffff22e0000 - 0x00007ffff2392000 	C:\WINDOWS\System32\ADVAPI32.dll
0x00007ffff23a0000 - 0x00007ffff2448000 	C:\WINDOWS\System32\sechost.dll
0x00007fffefbb0000 - 0x00007fffefbd8000 	C:\WINDOWS\System32\bcrypt.dll
0x00007ffff06c0000 - 0x00007ffff07d5000 	C:\WINDOWS\System32\RPCRT4.dll
0x00007ffff1370000 - 0x00007ffff1378000 	C:\WINDOWS\System32\PSAPI.DLL
0x00007fffe5df0000 - 0x00007fffe5df9000 	C:\WINDOWS\SYSTEM32\WSOCK32.dll
0x00007ffff2600000 - 0x00007ffff2671000 	C:\WINDOWS\System32\WS2_32.dll
0x00007fffe6320000 - 0x00007fffe6354000 	C:\WINDOWS\SYSTEM32\WINMM.dll
0x00007fffe5f20000 - 0x00007fffe5f2a000 	C:\WINDOWS\SYSTEM32\VERSION.dll
0x00007fffee3c0000 - 0x00007fffee3d8000 	C:\WINDOWS\SYSTEM32\kernel.appcore.dll
0x00007fffdc140000 - 0x00007fffdc14a000 	C:\Users\Manimozhi\Downloads\eclipse-jee-2022-03-R-win32-x86_64\eclipse\plugins\org.eclipse.justj.openjdk.hotspot.jre.full.win32.x86_64_17.0.2.v20220201-1208\jre\bin\jimage.dll
0x00007fffef310000 - 0x00007fffef543000 	C:\WINDOWS\SYSTEM32\DBGHELP.DLL
0x00007ffff1d10000 - 0x00007ffff2098000 	C:\WINDOWS\System32\combase.dll
0x00007ffff05d0000 - 0x00007ffff06a7000 	C:\WINDOWS\System32\OLEAUT32.dll
0x00007fffef200000 - 0x00007fffef232000 	C:\WINDOWS\SYSTEM32\dbgcore.DLL
0x00007fffefbe0000 - 0x00007fffefc59000 	C:\WINDOWS\System32\bcryptPrimitives.dll
0x00007fff9ab00000 - 0x00007fff9ab25000 	C:\Users\Manimozhi\Downloads\eclipse-jee-2022-03-R-win32-x86_64\eclipse\plugins\org.eclipse.justj.openjdk.hotspot.jre.full.win32.x86_64_17.0.2.v20220201-1208\jre\bin\java.dll
0x00007fffb1920000 - 0x00007fffb1938000 	C:\Users\Manimozhi\Downloads\eclipse-jee-2022-03-R-win32-x86_64\eclipse\plugins\org.eclipse.justj.openjdk.hotspot.jre.full.win32.x86_64_17.0.2.v20220201-1208\jre\bin\zip.dll
0x00007ffff1380000 - 0x00007ffff1bdc000 	C:\WINDOWS\System32\SHELL32.dll
0x00007fffed2c0000 - 0x00007fffedbb9000 	C:\WINDOWS\SYSTEM32\windows.storage.dll
0x00007fffed180000 - 0x00007fffed2be000 	C:\WINDOWS\SYSTEM32\wintypes.dll
0x00007ffff0a60000 - 0x00007ffff0b53000 	C:\WINDOWS\System32\SHCORE.dll
0x00007ffff1cb0000 - 0x00007ffff1d0e000 	C:\WINDOWS\System32\shlwapi.dll
0x00007fffef9c0000 - 0x00007fffef9e1000 	C:\WINDOWS\SYSTEM32\profapi.dll
0x00007fffe6e00000 - 0x00007fffe6e19000 	C:\Users\Manimozhi\Downloads\eclipse-jee-2022-03-R-win32-x86_64\eclipse\plugins\org.eclipse.justj.openjdk.hotspot.jre.full.win32.x86_64_17.0.2.v20220201-1208\jre\bin\net.dll
0x00007fffe7600000 - 0x00007fffe7736000 	C:\WINDOWS\SYSTEM32\WINHTTP.dll
0x00007fffee7f0000 - 0x00007fffee859000 	C:\WINDOWS\system32\mswsock.dll
0x00007fffce6c0000 - 0x00007fffce6d5000 	C:\Users\Manimozhi\Downloads\eclipse-jee-2022-03-R-win32-x86_64\eclipse\plugins\org.eclipse.justj.openjdk.hotspot.jre.full.win32.x86_64_17.0.2.v20220201-1208\jre\bin\nio.dll
0x00007fffe4210000 - 0x00007fffe4219000 	C:\Users\Manimozhi\Downloads\eclipse-jee-2022-03-R-win32-x86_64\eclipse\plugins\org.eclipse.justj.openjdk.hotspot.jre.full.win32.x86_64_17.0.2.v20220201-1208\jre\bin\management.dll
0x00007fffdc130000 - 0x00007fffdc13b000 	C:\Users\Manimozhi\Downloads\eclipse-jee-2022-03-R-win32-x86_64\eclipse\plugins\org.eclipse.justj.openjdk.hotspot.jre.full.win32.x86_64_17.0.2.v20220201-1208\jre\bin\management_ext.dll
0x00007fffede60000 - 0x00007fffede8d000 	C:\WINDOWS\SYSTEM32\IPHLPAPI.DLL
0x00007ffff1ca0000 - 0x00007ffff1ca9000 	C:\WINDOWS\System32\NSI.dll
0x00007fffe77b0000 - 0x00007fffe77c9000 	C:\WINDOWS\SYSTEM32\dhcpcsvc6.DLL
0x00007fffe6e90000 - 0x00007fffe6eaf000 	C:\WINDOWS\SYSTEM32\dhcpcsvc.DLL
0x00007fffedee0000 - 0x00007fffedfd9000 	C:\WINDOWS\SYSTEM32\DNSAPI.dll
0x00007fffe4a70000 - 0x00007fffe4a7a000 	C:\Windows\System32\rasadhlp.dll
0x00007fffe3b00000 - 0x00007fffe3b83000 	C:\WINDOWS\System32\fwpuclnt.dll
0x00007fffe5de0000 - 0x00007fffe5df0000 	C:\Users\Manimozhi\Downloads\eclipse-jee-2022-03-R-win32-x86_64\eclipse\plugins\org.eclipse.justj.openjdk.hotspot.jre.full.win32.x86_64_17.0.2.v20220201-1208\jre\bin\verify.dll
0x00007fffef640000 - 0x00007fffef65b000 	C:\WINDOWS\SYSTEM32\CRYPTSP.dll
0x00007fffee320000 - 0x00007fffee355000 	C:\WINDOWS\system32\rsaenh.dll
0x00007fffee910000 - 0x00007fffee938000 	C:\WINDOWS\SYSTEM32\USERENV.dll
0x00007fffeeae0000 - 0x00007fffeeaec000 	C:\WINDOWS\SYSTEM32\CRYPTBASE.dll
0x00007fffe5d80000 - 0x00007fffe5d8e000 	C:\Users\Manimozhi\Downloads\eclipse-jee-2022-03-R-win32-x86_64\eclipse\plugins\org.eclipse.justj.openjdk.hotspot.jre.full.win32.x86_64_17.0.2.v20220201-1208\jre\bin\sunmscapi.dll
0x00007fffefd80000 - 0x00007fffefee7000 	C:\WINDOWS\System32\CRYPT32.dll
0x00007fffeec60000 - 0x00007fffeec8e000 	C:\WINDOWS\SYSTEM32\ncrypt.dll
0x00007fffeec20000 - 0x00007fffeec57000 	C:\WINDOWS\SYSTEM32\NTASN1.dll
0x00007fffd5f70000 - 0x00007fffd5f78000 	C:\WINDOWS\system32\wshunix.dll

dbghelp: loaded successfully - version: 4.0.5 - missing functions: none
symbol engine: initialized successfully - sym options: 0x614 - pdb path: .;C:\Users\Manimozhi\Downloads\eclipse-jee-2022-03-R-win32-x86_64\eclipse\plugins\org.eclipse.justj.openjdk.hotspot.jre.full.win32.x86_64_17.0.2.v20220201-1208\jre\bin;C:\WINDOWS\SYSTEM32;C:\WINDOWS\WinSxS\amd64_microsoft.windows.common-controls_6595b64144ccf1df_6.0.22621.3235_none_270f74e173860f98;C:\Users\Manimozhi\Downloads\eclipse-jee-2022-03-R-win32-x86_64\eclipse\plugins\org.eclipse.justj.openjdk.hotspot.jre.full.win32.x86_64_17.0.2.v20220201-1208\jre\bin\server

VM Arguments:
jvm_args: -Dfile.encoding=UTF-8 -XX:+ShowCodeDetailsInExceptionMessages 
java_command: com.BookCabMicroServiceApplication
java_class_path (initial): D:\BookCabMicroService\BookCabMicroService\target\classes;C:\Users\Manimozhi\.m2\repository\org\springframework\boot\spring-boot-starter-data-jpa\3.1.8\spring-boot-starter-data-jpa-3.1.8.jar;C:\Users\Manimozhi\.m2\repository\org\springframework\boot\spring-boot-starter-aop\3.1.8\spring-boot-starter-aop-3.1.8.jar;C:\Users\Manimozhi\.m2\repository\org\springframework\spring-aop\6.0.16\spring-aop-6.0.16.jar;C:\Users\Manimozhi\.m2\repository\org\aspectj\aspectjweaver\1.9.21\aspectjweaver-1.9.21.jar;C:\Users\Manimozhi\.m2\repository\org\springframework\boot\spring-boot-starter-jdbc\3.1.8\spring-boot-starter-jdbc-3.1.8.jar;C:\Users\Manimozhi\.m2\repository\com\zaxxer\HikariCP\5.0.1\HikariCP-5.0.1.jar;C:\Users\Manimozhi\.m2\repository\org\springframework\spring-jdbc\6.0.16\spring-jdbc-6.0.16.jar;C:\Users\Manimozhi\.m2\repository\org\hibernate\orm\hibernate-core\6.2.20.Final\hibernate-core-6.2.20.Final.jar;C:\Users\Manimozhi\.m2\repository\jakarta\persistence\jakarta.persistence-api\3.1.0\jakarta.persistence-api-3.1.0.jar;C:\Users\Manimozhi\.m2\repository\jakarta\transaction\jakarta.transaction-api\2.0.1\jakarta.transaction-api-2.0.1.jar;C:\Users\Manimozhi\.m2\repository\org\jboss\logging\jboss-logging\3.5.3.Final\jboss-logging-3.5.3.Final.jar;C:\Users\Manimozhi\.m2\repository\org\hibernate\common\hibernate-commons-annotations\6.0.6.Final\hibernate-commons-annotations-6.0.6.Final.jar;C:\Users\Manimozhi\.m2\repository\io\smallrye\jandex\3.0.5\jandex-3.0.5.jar;C:\Users\Manimozhi\.m2\repository\com\fasterxml\classmate\1.5.1\classmate-1.5.1.jar;C:\Users\Manimozhi\.m2\repository\net\bytebuddy\byte-buddy\1.14.11\byte-buddy-1.14.11.jar;C:\Users\Manimozhi\.m2\repository\org\glassfish\jaxb\jaxb-runtime\4.0.4\jaxb-runtime-4.0.4.jar;C:\Users\Manimozhi\.m2\repository\org\glassfish\jaxb\jaxb-core\4.0.4\jaxb-core-4.0.4.jar;C:\Users\Manimozhi\.m2\repository\org\eclipse\angus\angus-activation\2.0.1\angus-activation-2.0.1.jar;C:\Users\Manimozhi\.m2\repository\or
Launcher Type: SUN_STANDARD

[Global flags]
     intx CICompilerCount                          = 3                                         {product} {ergonomic}
     uint ConcGCThreads                            = 1                                         {product} {ergonomic}
     uint G1ConcRefinementThreads                  = 4                                         {product} {ergonomic}
   size_t G1HeapRegionSize                         = 1048576                                   {product} {ergonomic}
    uintx GCDrainStackTargetSize                   = 64                                        {product} {ergonomic}
   size_t InitialHeapSize                          = 100663296                                 {product} {ergonomic}
   size_t MarkStackSize                            = 4194304                                   {product} {ergonomic}
   size_t MaxHeapSize                              = 1581252608                                {product} {ergonomic}
   size_t MaxNewSize                               = 947912704                                 {product} {ergonomic}
   size_t MinHeapDeltaBytes                        = 1048576                                   {product} {ergonomic}
   size_t MinHeapSize                              = 8388608                                   {product} {ergonomic}
    uintx NonNMethodCodeHeapSize                   = 5832780                                {pd product} {ergonomic}
    uintx NonProfiledCodeHeapSize                  = 122912730                              {pd product} {ergonomic}
    uintx ProfiledCodeHeapSize                     = 122912730                              {pd product} {ergonomic}
    uintx ReservedCodeCacheSize                    = 251658240                              {pd product} {ergonomic}
     bool SegmentedCodeCache                       = true                                      {product} {ergonomic}
     bool ShowCodeDetailsInExceptionMessages       = true                                   {manageable} {command line}
   size_t SoftMaxHeapSize                          = 1581252608                             {manageable} {ergonomic}
     bool UseCompressedClassPointers               = true                           {product lp64_product} {ergonomic}
     bool UseCompressedOops                        = true                           {product lp64_product} {ergonomic}
     bool UseG1GC                                  = true                                      {product} {ergonomic}
     bool UseLargePagesIndividualAllocation        = false                                  {pd product} {ergonomic}

Logging:
Log output configuration:
 #0: stdout all=warning uptime,level,tags
 #1: stderr all=off uptime,level,tags

Environment Variables:
PATH=C:/Users/Manimozhi/Downloads/eclipse-jee-2022-03-R-win32-x86_64/eclipse//plugins/org.eclipse.justj.openjdk.hotspot.jre.full.win32.x86_64_17.0.2.v20220201-1208/jre/bin/server;C:/Users/Manimozhi/Downloads/eclipse-jee-2022-03-R-win32-x86_64/eclipse//plugins/org.eclipse.justj.openjdk.hotspot.jre.full.win32.x86_64_17.0.2.v20220201-1208/jre/bin;C:\Program Files\Common Files\Oracle\Java\javapath;C:\Python310\Scripts\;C:\Python310\;C:\ProgramData\Oracle\Java\javapath;C:\Program Files (x86)\Common Files\Oracle\Java\javapath;C:\WINDOWS\system32;C:\WINDOWS;C:\WINDOWS\System32\Wbem;C:\WINDOWS\System32\WindowsPowerShell\v1.0\;C:\WINDOWS\System32\OpenSSH\;C:\Program Files\dotnet\;C:\Program Files\Git\cmd;C:\ProgramData\chocolatey\bin;C:\Program Files\nodejs\;C:\Program Files\Docker\Docker\resources\bin;C:\Users\Manimozhi\AppData\Local\Microsoft\WindowsApps;;C:\Users\Manimozhi\AppData\Local\Programs\Microsoft VS Code\bin;C:\Users\Manimozhi\AppData\Roaming\npm;C:\Users\Manimozhi\Downloads\eclipse-jee-2022-03-R-win32-x86_64\eclipse;
USERNAME=Manimozhi
OS=Windows_NT
PROCESSOR_IDENTIFIER=AMD64 Family 23 Model 24 Stepping 1, AuthenticAMD



---------------  S Y S T E M  ---------------

OS:
 Windows 11 , 64 bit Build 22621 (10.0.22621.3374)
OS uptime: 26 days 17:10 hours
Hyper-V role detected

CPU: total 4 (initial active 4) (4 cores per cpu, 2 threads per core) family 23 model 24 stepping 1 microcode 0x0, cx8, cmov, fxsr, ht, mmx, 3dnowpref, sse, sse2, sse3, ssse3, sse4a, sse4.1, sse4.2, popcnt, lzcnt, tsc, tscinvbit, avx, avx2, aes, clmul, bmi1, bmi2, adx, sha, fma, vzeroupper, clflush, clflushopt, hv

Memory: 4k page, system-wide physical 6030M (21M free)
TotalPageFile size 24462M (AvailPageFile size 0M)
current process WorkingSet (physical memory assigned to process): 93M, peak: 419M
current process commit charge ("private bytes"): 429M, peak: 484M

vm_info: OpenJDK 64-Bit Server VM (17.0.2+8) for windows-amd64 JRE (17.0.2+8), built on Jan 20 2022 04:52:34 by "" with MS VC++ 16.7 (VS2019)

END.
